0 verbose cli /usr/local/bin/node /usr/local/bin/npm
1 info using npm@10.9.3
2 info using node@v22.20.0
3 silly config load:file:/usr/local/lib/node_modules/npm/npmrc
4 silly config load:file:/Users/samhez/Documents/ALU BSc Software Engineering/TRIMESTER 3/Frontend Web Development/alu-higher_level_programming/javascript-web_scraping/.npmrc
5 silly config load:file:/Users/samhez/.npmrc
6 silly config load:file:/usr/local/etc/npmrc
7 verbose title npm install request
8 verbose argv "install" "request" "--no-save"
9 verbose logfile logs-max:10 dir:/Users/samhez/Documents/ALU BSc Software Engineering/TRIMESTER 3/Frontend Web Development/alu-higher_level_programming/javascript-web_scraping/.npm-cache/_logs/2026-06-28T10_14_53_268Z-
10 verbose logfile /Users/samhez/Documents/ALU BSc Software Engineering/TRIMESTER 3/Frontend Web Development/alu-higher_level_programming/javascript-web_scraping/.npm-cache/_logs/2026-06-28T10_14_53_268Z-debug-0.log
11 silly logfile done cleaning log files
12 silly packumentCache heap:4345298944 maxSize:1086324736 maxEntrySize:543162368
13 silly idealTree buildDeps
14 silly fetch manifest request@*
15 silly packumentCache full:https://registry.npmjs.org/request cache-miss
16 http fetch GET 200 https://registry.npmjs.org/npm 367ms
17 http fetch GET 200 https://registry.npmjs.org/request 774ms (cache miss)
18 silly packumentCache full:https://registry.npmjs.org/request set size:undefined disposed:false
19 silly placeDep ROOT request@2.88.2 OK for:  want: *
20 silly fetch manifest qs@~6.5.2
21 silly packumentCache full:https://registry.npmjs.org/qs cache-miss
22 silly fetch manifest aws4@^1.8.0
23 silly packumentCache full:https://registry.npmjs.org/aws4 cache-miss
24 silly fetch manifest uuid@^3.3.2
25 silly packumentCache full:https://registry.npmjs.org/uuid cache-miss
26 http fetch GET 200 https://registry.npmjs.org/qs 343ms (cache miss)
27 silly packumentCache full:https://registry.npmjs.org/qs set size:undefined disposed:false
28 silly fetch manifest extend@~3.0.2
29 silly packumentCache full:https://registry.npmjs.org/extend cache-miss
30 http fetch GET 200 https://registry.npmjs.org/aws4 460ms (cache miss)
31 silly packumentCache full:https://registry.npmjs.org/aws4 set size:undefined disposed:false
32 silly fetch manifest caseless@~0.12.0
33 silly packumentCache full:https://registry.npmjs.org/caseless cache-miss
34 http fetch GET 200 https://registry.npmjs.org/extend 399ms (cache miss)
35 silly packumentCache full:https://registry.npmjs.org/extend set size:undefined disposed:false
36 silly fetch manifest isstream@~0.1.2
37 silly packumentCache full:https://registry.npmjs.org/isstream cache-miss
38 http fetch GET 200 https://registry.npmjs.org/uuid 845ms (cache miss)
39 silly packumentCache full:https://registry.npmjs.org/uuid set size:undefined disposed:false
40 silly fetch manifest aws-sign2@~0.7.0
41 silly packumentCache full:https://registry.npmjs.org/aws-sign2 cache-miss
42 http fetch GET 200 https://registry.npmjs.org/caseless 401ms (cache miss)
43 silly packumentCache full:https://registry.npmjs.org/caseless set size:undefined disposed:false
44 silly fetch manifest form-data@~2.3.2
45 silly packumentCache full:https://registry.npmjs.org/form-data cache-miss
46 http fetch GET 200 https://registry.npmjs.org/isstream 423ms (cache miss)
47 silly packumentCache full:https://registry.npmjs.org/isstream set size:undefined disposed:false
48 silly fetch manifest mime-types@~2.1.19
49 silly packumentCache full:https://registry.npmjs.org/mime-types cache-miss
50 http fetch GET 200 https://registry.npmjs.org/mime-types 48ms (cache miss)
51 silly packumentCache full:https://registry.npmjs.org/mime-types set size:undefined disposed:false
52 silly fetch manifest oauth-sign@~0.9.0
53 silly packumentCache full:https://registry.npmjs.org/oauth-sign cache-miss
54 http fetch GET 200 https://registry.npmjs.org/aws-sign2 399ms (cache miss)
55 silly packumentCache full:https://registry.npmjs.org/aws-sign2 set size:undefined disposed:false
56 silly fetch manifest safe-buffer@^5.1.2
57 silly packumentCache full:https://registry.npmjs.org/safe-buffer cache-miss
58 http fetch GET 200 https://registry.npmjs.org/form-data 413ms (cache miss)
59 silly packumentCache full:https://registry.npmjs.org/form-data set size:undefined disposed:false
60 silly fetch manifest tough-cookie@~2.5.0
61 silly packumentCache full:https://registry.npmjs.org/tough-cookie cache-miss
62 http fetch GET 200 https://registry.npmjs.org/safe-buffer 46ms (cache miss)
63 silly packumentCache full:https://registry.npmjs.org/safe-buffer set size:undefined disposed:false
64 silly fetch manifest tunnel-agent@^0.6.0
65 silly packumentCache full:https://registry.npmjs.org/tunnel-agent cache-miss
66 http fetch GET 200 https://registry.npmjs.org/tough-cookie 97ms (cache miss)
67 silly packumentCache full:https://registry.npmjs.org/tough-cookie set size:undefined disposed:false
68 silly fetch manifest forever-agent@~0.6.1
69 silly packumentCache full:https://registry.npmjs.org/forever-agent cache-miss
70 http fetch GET 200 https://registry.npmjs.org/oauth-sign 400ms (cache miss)
71 silly packumentCache full:https://registry.npmjs.org/oauth-sign set size:undefined disposed:false
72 silly fetch manifest har-validator@~5.1.3
73 silly packumentCache full:https://registry.npmjs.org/har-validator cache-miss
74 http fetch GET 200 https://registry.npmjs.org/tunnel-agent 390ms (cache miss)
75 silly packumentCache full:https://registry.npmjs.org/tunnel-agent set size:undefined disposed:false
76 silly fetch manifest is-typedarray@~1.0.0
77 silly packumentCache full:https://registry.npmjs.org/is-typedarray cache-miss
78 http fetch GET 200 https://registry.npmjs.org/forever-agent 396ms (cache miss)
79 silly packumentCache full:https://registry.npmjs.org/forever-agent set size:undefined disposed:false
80 silly fetch manifest http-signature@~1.2.0
81 silly packumentCache full:https://registry.npmjs.org/http-signature cache-miss
82 http fetch GET 200 https://registry.npmjs.org/is-typedarray 532ms (cache miss)
83 silly packumentCache full:https://registry.npmjs.org/is-typedarray set size:undefined disposed:false
84 silly fetch manifest combined-stream@~1.0.6
85 silly packumentCache full:https://registry.npmjs.org/combined-stream cache-miss
86 http fetch GET 200 https://registry.npmjs.org/http-signature 445ms (cache miss)
87 silly packumentCache full:https://registry.npmjs.org/http-signature set size:undefined disposed:false
88 silly fetch manifest performance-now@^2.1.0
89 silly packumentCache full:https://registry.npmjs.org/performance-now cache-miss
90 http fetch GET 200 https://registry.npmjs.org/har-validator 604ms (cache miss)
91 silly packumentCache full:https://registry.npmjs.org/har-validator set size:undefined disposed:false
92 silly fetch manifest json-stringify-safe@~5.0.1
93 silly packumentCache full:https://registry.npmjs.org/json-stringify-safe cache-miss
94 http fetch GET 200 https://registry.npmjs.org/combined-stream 400ms (cache miss)
95 silly packumentCache full:https://registry.npmjs.org/combined-stream set size:undefined disposed:false
96 http fetch GET 200 https://registry.npmjs.org/performance-now 412ms (cache miss)
97 silly packumentCache full:https://registry.npmjs.org/performance-now set size:undefined disposed:false
98 http fetch GET 200 https://registry.npmjs.org/json-stringify-safe 548ms (cache miss)
99 silly packumentCache full:https://registry.npmjs.org/json-stringify-safe set size:undefined disposed:false
100 silly placeDep ROOT aws-sign2@0.7.0 OK for: request@2.88.2 want: ~0.7.0
101 silly placeDep ROOT aws4@1.13.2 OK for: request@2.88.2 want: ^1.8.0
102 silly placeDep ROOT caseless@0.12.0 OK for: request@2.88.2 want: ~0.12.0
103 silly placeDep ROOT combined-stream@1.0.8 OK for: request@2.88.2 want: ~1.0.6
104 silly placeDep ROOT extend@3.0.2 OK for: request@2.88.2 want: ~3.0.2
105 silly placeDep ROOT forever-agent@0.6.1 OK for: request@2.88.2 want: ~0.6.1
106 silly placeDep ROOT form-data@2.3.3 OK for: request@2.88.2 want: ~2.3.2
107 silly placeDep ROOT har-validator@5.1.5 OK for: request@2.88.2 want: ~5.1.3
108 silly placeDep ROOT http-signature@1.2.0 OK for: request@2.88.2 want: ~1.2.0
109 silly placeDep ROOT is-typedarray@1.0.0 OK for: request@2.88.2 want: ~1.0.0
110 silly placeDep ROOT isstream@0.1.2 OK for: request@2.88.2 want: ~0.1.2
111 silly placeDep ROOT json-stringify-safe@5.0.1 OK for: request@2.88.2 want: ~5.0.1
112 silly placeDep ROOT mime-types@2.1.35 OK for: request@2.88.2 want: ~2.1.19
113 silly placeDep ROOT oauth-sign@0.9.0 OK for: request@2.88.2 want: ~0.9.0
114 silly placeDep ROOT performance-now@2.1.0 OK for: request@2.88.2 want: ^2.1.0
115 silly placeDep ROOT qs@6.5.5 OK for: request@2.88.2 want: ~6.5.2
116 silly placeDep ROOT safe-buffer@5.2.1 OK for: request@2.88.2 want: ^5.1.2
117 silly placeDep ROOT tough-cookie@2.5.0 OK for: request@2.88.2 want: ~2.5.0
118 silly placeDep ROOT tunnel-agent@0.6.0 OK for: request@2.88.2 want: ^0.6.0
119 silly placeDep ROOT uuid@3.4.0 OK for: request@2.88.2 want: ^3.3.2
120 silly fetch manifest delayed-stream@~1.0.0
121 silly packumentCache full:https://registry.npmjs.org/delayed-stream cache-miss
122 silly fetch manifest asynckit@^0.4.0
123 silly packumentCache full:https://registry.npmjs.org/asynckit cache-miss
124 silly fetch manifest mime-types@^2.1.12
125 silly packumentCache full:https://registry.npmjs.org/mime-types cache-miss
126 http cache https://registry.npmjs.org/mime-types 166ms (cache hit)
127 silly packumentCache full:https://registry.npmjs.org/mime-types set size:139110 disposed:false
128 silly fetch manifest ajv@^6.12.3
129 silly packumentCache full:https://registry.npmjs.org/ajv cache-miss
130 http fetch GET 200 https://registry.npmjs.org/ajv 132ms (cache miss)
131 silly packumentCache full:https://registry.npmjs.org/ajv set size:undefined disposed:false
132 silly fetch manifest har-schema@^2.0.0
133 silly packumentCache full:https://registry.npmjs.org/har-schema cache-miss
134 http fetch GET 200 https://registry.npmjs.org/asynckit 394ms (cache miss)
135 silly packumentCache full:https://registry.npmjs.org/asynckit set size:undefined disposed:false
136 silly fetch manifest sshpk@^1.7.0
137 silly packumentCache full:https://registry.npmjs.org/sshpk cache-miss
138 http fetch GET 200 https://registry.npmjs.org/delayed-stream 403ms (cache miss)
139 silly packumentCache full:https://registry.npmjs.org/delayed-stream set size:undefined disposed:false
140 silly fetch manifest jsprim@^1.2.2
141 silly packumentCache full:https://registry.npmjs.org/jsprim cache-miss
142 http fetch GET 200 https://registry.npmjs.org/har-schema 510ms (cache miss)
143 silly packumentCache full:https://registry.npmjs.org/har-schema set size:undefined disposed:false
144 silly fetch manifest assert-plus@^1.0.0
145 silly packumentCache full:https://registry.npmjs.org/assert-plus cache-miss
146 http fetch GET 200 https://registry.npmjs.org/jsprim 460ms (cache miss)
147 silly packumentCache full:https://registry.npmjs.org/jsprim set size:undefined disposed:false
148 silly fetch manifest mime-db@1.52.0
149 silly packumentCache full:https://registry.npmjs.org/mime-db cache-miss
150 http fetch GET 200 https://registry.npmjs.org/sshpk 474ms (cache miss)
151 silly packumentCache full:https://registry.npmjs.org/sshpk set size:undefined disposed:false
152 silly fetch manifest psl@^1.1.28
153 silly packumentCache full:https://registry.npmjs.org/psl cache-miss
154 http fetch GET 200 https://registry.npmjs.org/mime-db 54ms (cache miss)
155 silly packumentCache full:https://registry.npmjs.org/mime-db set size:undefined disposed:false
156 silly fetch manifest punycode@^2.1.1
157 silly packumentCache full:https://registry.npmjs.org/punycode cache-miss
158 http fetch GET 200 https://registry.npmjs.org/punycode 76ms (cache miss)
159 silly packumentCache full:https://registry.npmjs.org/punycode set size:undefined disposed:false
160 http fetch GET 200 https://registry.npmjs.org/assert-plus 461ms (cache miss)
161 silly packumentCache full:https://registry.npmjs.org/assert-plus set size:undefined disposed:false
162 http fetch GET 200 https://registry.npmjs.org/psl 439ms (cache miss)
163 silly packumentCache full:https://registry.npmjs.org/psl set size:undefined disposed:false
164 silly placeDep ROOT delayed-stream@1.0.0 OK for: combined-stream@1.0.8 want: ~1.0.0
165 silly placeDep ROOT asynckit@0.4.0 OK for: form-data@2.3.3 want: ^0.4.0
166 silly placeDep ROOT ajv@6.15.0 OK for: har-validator@5.1.5 want: ^6.12.3
167 silly placeDep ROOT har-schema@2.0.0 OK for: har-validator@5.1.5 want: ^2.0.0
168 silly fetch manifest uri-js@^4.2.2
169 silly packumentCache full:https://registry.npmjs.org/uri-js cache-miss
170 silly fetch manifest fast-deep-equal@^3.1.1
171 silly packumentCache full:https://registry.npmjs.org/fast-deep-equal cache-miss
172 silly fetch manifest json-schema-traverse@^0.4.1
173 silly packumentCache full:https://registry.npmjs.org/json-schema-traverse cache-miss
174 http fetch GET 200 https://registry.npmjs.org/fast-deep-equal 37ms (cache miss)
175 silly packumentCache full:https://registry.npmjs.org/fast-deep-equal set size:undefined disposed:false
176 silly fetch manifest fast-json-stable-stringify@^2.0.0
177 silly packumentCache full:https://registry.npmjs.org/fast-json-stable-stringify cache-miss
178 http fetch GET 200 https://registry.npmjs.org/fast-json-stable-stringify 32ms (cache miss)
179 silly packumentCache full:https://registry.npmjs.org/fast-json-stable-stringify set size:undefined disposed:false
180 http fetch GET 200 https://registry.npmjs.org/json-schema-traverse 491ms (cache miss)
181 silly packumentCache full:https://registry.npmjs.org/json-schema-traverse set size:undefined disposed:false
182 http fetch GET 200 https://registry.npmjs.org/uri-js 492ms (cache miss)
183 silly packumentCache full:https://registry.npmjs.org/uri-js set size:undefined disposed:false
184 silly placeDep ROOT fast-deep-equal@3.1.3 OK for: ajv@6.15.0 want: ^3.1.1
185 silly placeDep ROOT fast-json-stable-stringify@2.1.0 OK for: ajv@6.15.0 want: ^2.0.0
186 silly placeDep ROOT json-schema-traverse@0.4.1 OK for: ajv@6.15.0 want: ^0.4.1
187 silly placeDep ROOT uri-js@4.4.1 OK for: ajv@6.15.0 want: ^4.2.2
188 silly fetch manifest punycode@^2.1.0
189 silly packumentCache full:https://registry.npmjs.org/punycode cache-miss
190 http cache https://registry.npmjs.org/punycode 3ms (cache hit)
191 silly packumentCache full:https://registry.npmjs.org/punycode set size:61278 disposed:false
192 silly placeDep ROOT assert-plus@1.0.0 OK for: http-signature@1.2.0 want: ^1.0.0
193 silly placeDep ROOT jsprim@1.4.2 OK for: http-signature@1.2.0 want: ^1.2.2
194 silly placeDep ROOT sshpk@1.18.0 OK for: http-signature@1.2.0 want: ^1.7.0
195 silly fetch manifest verror@1.10.0
196 silly packumentCache full:https://registry.npmjs.org/verror cache-miss
197 silly fetch manifest extsprintf@1.3.0
198 silly packumentCache full:https://registry.npmjs.org/extsprintf cache-miss
199 silly fetch manifest json-schema@0.4.0
200 silly packumentCache full:https://registry.npmjs.org/json-schema cache-miss
201 http fetch GET 200 https://registry.npmjs.org/json-schema 449ms (cache miss)
202 silly packumentCache full:https://registry.npmjs.org/json-schema set size:undefined disposed:false
203 silly fetch manifest asn1@~0.2.3
204 silly packumentCache full:https://registry.npmjs.org/asn1 cache-miss
205 http fetch GET 200 https://registry.npmjs.org/extsprintf 452ms (cache miss)
206 silly packumentCache full:https://registry.npmjs.org/extsprintf set size:undefined disposed:false
207 silly fetch manifest jsbn@~0.1.0
208 silly packumentCache full:https://registry.npmjs.org/jsbn cache-miss
209 http fetch GET 200 https://registry.npmjs.org/verror 465ms (cache miss)
210 silly packumentCache full:https://registry.npmjs.org/verror set size:undefined disposed:false
211 silly fetch manifest getpass@^0.1.1
212 silly packumentCache full:https://registry.npmjs.org/getpass cache-miss
213 http fetch GET 200 https://registry.npmjs.org/asn1 423ms (cache miss)
214 silly packumentCache full:https://registry.npmjs.org/asn1 set size:undefined disposed:false
215 silly fetch manifest dashdash@^1.12.0
216 silly packumentCache full:https://registry.npmjs.org/dashdash cache-miss
217 http fetch GET 200 https://registry.npmjs.org/jsbn 413ms (cache miss)
218 silly packumentCache full:https://registry.npmjs.org/jsbn set size:undefined disposed:false
219 silly fetch manifest ecc-jsbn@~0.1.1
220 silly packumentCache full:https://registry.npmjs.org/ecc-jsbn cache-miss
221 http fetch GET 200 https://registry.npmjs.org/getpass 412ms (cache miss)
222 silly packumentCache full:https://registry.npmjs.org/getpass set size:undefined disposed:false
223 silly fetch manifest tweetnacl@~0.14.0
224 silly packumentCache full:https://registry.npmjs.org/tweetnacl cache-miss
225 http fetch GET 200 https://registry.npmjs.org/ecc-jsbn 433ms (cache miss)
226 silly packumentCache full:https://registry.npmjs.org/ecc-jsbn set size:undefined disposed:false
227 silly fetch manifest bcrypt-pbkdf@^1.0.0
228 silly packumentCache full:https://registry.npmjs.org/bcrypt-pbkdf cache-miss
229 http fetch GET 200 https://registry.npmjs.org/dashdash 438ms (cache miss)
230 silly packumentCache full:https://registry.npmjs.org/dashdash set size:undefined disposed:false
231 silly fetch manifest safer-buffer@^2.0.2
232 silly packumentCache full:https://registry.npmjs.org/safer-buffer cache-miss
233 http fetch GET 200 https://registry.npmjs.org/tweetnacl 449ms (cache miss)
234 silly packumentCache full:https://registry.npmjs.org/tweetnacl set size:undefined disposed:false
235 http fetch GET 200 https://registry.npmjs.org/safer-buffer 47ms (cache miss)
236 silly packumentCache full:https://registry.npmjs.org/safer-buffer set size:undefined disposed:false
237 http fetch GET 200 https://registry.npmjs.org/bcrypt-pbkdf 416ms (cache miss)
238 silly packumentCache full:https://registry.npmjs.org/bcrypt-pbkdf set size:undefined disposed:false
239 silly placeDep ROOT extsprintf@1.3.0 OK for: jsprim@1.4.2 want: 1.3.0
240 silly placeDep ROOT json-schema@0.4.0 OK for: jsprim@1.4.2 want: 0.4.0
241 silly placeDep ROOT verror@1.10.0 OK for: jsprim@1.4.2 want: 1.10.0
242 silly fetch manifest core-util-is@1.0.2
243 silly packumentCache full:https://registry.npmjs.org/core-util-is cache-miss
244 http fetch GET 200 https://registry.npmjs.org/core-util-is 486ms (cache miss)
245 silly packumentCache full:https://registry.npmjs.org/core-util-is set size:undefined disposed:false
246 silly placeDep ROOT mime-db@1.52.0 OK for: mime-types@2.1.35 want: 1.52.0
247 silly placeDep ROOT asn1@0.2.6 OK for: sshpk@1.18.0 want: ~0.2.3
248 silly placeDep ROOT bcrypt-pbkdf@1.0.2 OK for: sshpk@1.18.0 want: ^1.0.0
249 silly placeDep ROOT dashdash@1.14.1 OK for: sshpk@1.18.0 want: ^1.12.0
250 silly placeDep ROOT ecc-jsbn@0.1.2 OK for: sshpk@1.18.0 want: ~0.1.1
251 silly placeDep ROOT getpass@0.1.7 OK for: sshpk@1.18.0 want: ^0.1.1
252 silly placeDep ROOT jsbn@0.1.1 OK for: sshpk@1.18.0 want: ~0.1.0
253 silly placeDep ROOT safer-buffer@2.1.2 OK for: sshpk@1.18.0 want: ^2.0.2
254 silly placeDep ROOT tweetnacl@0.14.5 OK for: sshpk@1.18.0 want: ~0.14.0
255 silly fetch manifest safer-buffer@~2.1.0
256 silly packumentCache full:https://registry.npmjs.org/safer-buffer cache-miss
257 silly fetch manifest tweetnacl@^0.14.3
258 silly packumentCache full:https://registry.npmjs.org/tweetnacl cache-miss
259 silly fetch manifest safer-buffer@^2.1.0
260 silly packumentCache full:https://registry.npmjs.org/safer-buffer cache-miss
261 http cache https://registry.npmjs.org/safer-buffer 31ms (cache hit)
262 silly packumentCache full:https://registry.npmjs.org/safer-buffer set size:18521 disposed:false
263 http cache https://registry.npmjs.org/tweetnacl 31ms (cache hit)
264 silly packumentCache full:https://registry.npmjs.org/tweetnacl set size:79790 disposed:false
265 http cache https://registry.npmjs.org/safer-buffer 30ms (cache hit)
266 silly packumentCache full:https://registry.npmjs.org/safer-buffer set size:18521 disposed:false
267 silly packumentCache full:https://registry.npmjs.org/safer-buffer dispose
268 silly placeDep ROOT psl@1.15.0 OK for: tough-cookie@2.5.0 want: ^1.1.28
269 silly placeDep ROOT punycode@2.3.1 OK for: tough-cookie@2.5.0 want: ^2.1.1
270 silly fetch manifest punycode@^2.3.1
271 silly packumentCache full:https://registry.npmjs.org/punycode cache-hit
272 silly placeDep ROOT core-util-is@1.0.2 OK for: verror@1.10.0 want: 1.0.2
273 silly reify moves {}
274 http cache core-util-is@https://registry.npmjs.org/core-util-is/-/core-util-is-1.0.2.tgz 0ms (cache hit)
275 http cache tweetnacl@https://registry.npmjs.org/tweetnacl/-/tweetnacl-0.14.5.tgz 0ms (cache hit)
276 http cache psl@https://registry.npmjs.org/psl/-/psl-1.15.0.tgz 0ms (cache hit)
277 http cache punycode@https://registry.npmjs.org/punycode/-/punycode-2.3.1.tgz 0ms (cache hit)
278 http cache safer-buffer@https://registry.npmjs.org/safer-buffer/-/safer-buffer-2.1.2.tgz 0ms (cache hit)
279 http cache jsbn@https://registry.npmjs.org/jsbn/-/jsbn-0.1.1.tgz 0ms (cache hit)
280 http cache getpass@https://registry.npmjs.org/getpass/-/getpass-0.1.7.tgz 0ms (cache hit)
281 http cache ecc-jsbn@https://registry.npmjs.org/ecc-jsbn/-/ecc-jsbn-0.1.2.tgz 0ms (cache hit)
282 http cache dashdash@https://registry.npmjs.org/dashdash/-/dashdash-1.14.1.tgz 1ms (cache hit)
283 http cache asn1@https://registry.npmjs.org/asn1/-/asn1-0.2.6.tgz 0ms (cache hit)
284 http cache mime-db@https://registry.npmjs.org/mime-db/-/mime-db-1.52.0.tgz 0ms (cache hit)
285 http cache bcrypt-pbkdf@https://registry.npmjs.org/bcrypt-pbkdf/-/bcrypt-pbkdf-1.0.2.tgz 0ms (cache hit)
286 http cache verror@https://registry.npmjs.org/verror/-/verror-1.10.0.tgz 0ms (cache hit)
287 http cache json-schema@https://registry.npmjs.org/json-schema/-/json-schema-0.4.0.tgz 0ms (cache hit)
288 http cache jsprim@https://registry.npmjs.org/jsprim/-/jsprim-1.4.2.tgz 0ms (cache hit)
289 http cache sshpk@https://registry.npmjs.org/sshpk/-/sshpk-1.18.0.tgz 0ms (cache hit)
290 http cache extsprintf@https://registry.npmjs.org/extsprintf/-/extsprintf-1.3.0.tgz 0ms (cache hit)
291 http cache assert-plus@https://registry.npmjs.org/assert-plus/-/assert-plus-1.0.0.tgz 0ms (cache hit)
292 http cache uri-js@https://registry.npmjs.org/uri-js/-/uri-js-4.4.1.tgz 0ms (cache hit)
293 http cache json-schema-traverse@https://registry.npmjs.org/json-schema-traverse/-/json-schema-traverse-0.4.1.tgz 0ms (cache hit)
294 http cache fast-json-stable-stringify@https://registry.npmjs.org/fast-json-stable-stringify/-/fast-json-stable-stringify-2.1.0.tgz 0ms (cache hit)
295 http cache fast-deep-equal@https://registry.npmjs.org/fast-deep-equal/-/fast-deep-equal-3.1.3.tgz 0ms (cache hit)
296 http cache har-schema@https://registry.npmjs.org/har-schema/-/har-schema-2.0.0.tgz 0ms (cache hit)
297 http cache ajv@https://registry.npmjs.org/ajv/-/ajv-6.15.0.tgz 0ms (cache hit)
298 http cache asynckit@https://registry.npmjs.org/asynckit/-/asynckit-0.4.0.tgz 0ms (cache hit)
299 http cache delayed-stream@https://registry.npmjs.org/delayed-stream/-/delayed-stream-1.0.0.tgz 0ms (cache hit)
300 http cache uuid@https://registry.npmjs.org/uuid/-/uuid-3.4.0.tgz 0ms (cache hit)
301 http cache tunnel-agent@https://registry.npmjs.org/tunnel-agent/-/tunnel-agent-0.6.0.tgz 0ms (cache hit)
302 http cache tough-cookie@https://registry.npmjs.org/tough-cookie/-/tough-cookie-2.5.0.tgz 0ms (cache hit)
303 http cache safe-buffer@https://registry.npmjs.org/safe-buffer/-/safe-buffer-5.2.1.tgz 1ms (cache hit)
304 http cache performance-now@https://registry.npmjs.org/performance-now/-/performance-now-2.1.0.tgz 0ms (cache hit)
305 http cache qs@https://registry.npmjs.org/qs/-/qs-6.5.5.tgz 0ms (cache hit)
306 http cache oauth-sign@https://registry.npmjs.org/oauth-sign/-/oauth-sign-0.9.0.tgz 0ms (cache hit)
307 http cache json-stringify-safe@https://registry.npmjs.org/json-stringify-safe/-/json-stringify-safe-5.0.1.tgz 0ms (cache hit)
308 http cache mime-types@https://registry.npmjs.org/mime-types/-/mime-types-2.1.35.tgz 0ms (cache hit)
309 http cache isstream@https://registry.npmjs.org/isstream/-/isstream-0.1.2.tgz 0ms (cache hit)
310 http cache is-typedarray@https://registry.npmjs.org/is-typedarray/-/is-typedarray-1.0.0.tgz 0ms (cache hit)
311 http cache http-signature@https://registry.npmjs.org/http-signature/-/http-signature-1.2.0.tgz 0ms (cache hit)
312 http cache har-validator@https://registry.npmjs.org/har-validator/-/har-validator-5.1.5.tgz 0ms (cache hit)
313 http cache form-data@https://registry.npmjs.org/form-data/-/form-data-2.3.3.tgz 0ms (cache hit)
314 http cache forever-agent@https://registry.npmjs.org/forever-agent/-/forever-agent-0.6.1.tgz 0ms (cache hit)
315 http cache extend@https://registry.npmjs.org/extend/-/extend-3.0.2.tgz 0ms (cache hit)
316 http cache combined-stream@https://registry.npmjs.org/combined-stream/-/combined-stream-1.0.8.tgz 0ms (cache hit)
317 http cache caseless@https://registry.npmjs.org/caseless/-/caseless-0.12.0.tgz 1ms (cache hit)
318 http cache aws-sign2@https://registry.npmjs.org/aws-sign2/-/aws-sign2-0.7.0.tgz 0ms (cache hit)
319 http cache request@https://registry.npmjs.org/request/-/request-2.88.2.tgz 0ms (cache hit)
320 http cache aws4@https://registry.npmjs.org/aws4/-/aws4-1.13.2.tgz 0ms (cache hit)
321 silly tarball no local data for core-util-is@https://registry.npmjs.org/core-util-is/-/core-util-is-1.0.2.tgz. Extracting by manifest.
322 silly tarball no local data for tweetnacl@https://registry.npmjs.org/tweetnacl/-/tweetnacl-0.14.5.tgz. Extracting by manifest.
323 silly tarball no local data for psl@https://registry.npmjs.org/psl/-/psl-1.15.0.tgz. Extracting by manifest.
324 silly tarball no local data for punycode@https://registry.npmjs.org/punycode/-/punycode-2.3.1.tgz. Extracting by manifest.
325 silly tarball no local data for safer-buffer@https://registry.npmjs.org/safer-buffer/-/safer-buffer-2.1.2.tgz. Extracting by manifest.
326 silly tarball no local data for jsbn@https://registry.npmjs.org/jsbn/-/jsbn-0.1.1.tgz. Extracting by manifest.
327 silly tarball no local data for getpass@https://registry.npmjs.org/getpass/-/getpass-0.1.7.tgz. Extracting by manifest.
328 silly tarball no local data for ecc-jsbn@https://registry.npmjs.org/ecc-jsbn/-/ecc-jsbn-0.1.2.tgz. Extracting by manifest.
329 silly tarball no local data for dashdash@https://registry.npmjs.org/dashdash/-/dashdash-1.14.1.tgz. Extracting by manifest.
330 silly tarball no local data for asn1@https://registry.npmjs.org/asn1/-/asn1-0.2.6.tgz. Extracting by manifest.
331 silly tarball no local data for mime-db@https://registry.npmjs.org/mime-db/-/mime-db-1.52.0.tgz. Extracting by manifest.
332 silly tarball no local data for bcrypt-pbkdf@https://registry.npmjs.org/bcrypt-pbkdf/-/bcrypt-pbkdf-1.0.2.tgz. Extracting by manifest.
333 silly tarball no local data for verror@https://registry.npmjs.org/verror/-/verror-1.10.0.tgz. Extracting by manifest.
334 silly tarball no local data for json-schema@https://registry.npmjs.org/json-schema/-/json-schema-0.4.0.tgz. Extracting by manifest.
335 silly tarball no local data for jsprim@https://registry.npmjs.org/jsprim/-/jsprim-1.4.2.tgz. Extracting by manifest.
336 silly tarball no local data for sshpk@https://registry.npmjs.org/sshpk/-/sshpk-1.18.0.tgz. Extracting by manifest.
337 silly tarball no local data for extsprintf@https://registry.npmjs.org/extsprintf/-/extsprintf-1.3.0.tgz. Extracting by manifest.
338 silly tarball no local data for assert-plus@https://registry.npmjs.org/assert-plus/-/assert-plus-1.0.0.tgz. Extracting by manifest.
339 silly tarball no local data for uri-js@https://registry.npmjs.org/uri-js/-/uri-js-4.4.1.tgz. Extracting by manifest.
340 silly tarball no local data for json-schema-traverse@https://registry.npmjs.org/json-schema-traverse/-/json-schema-traverse-0.4.1.tgz. Extracting by manifest.
341 silly tarball no local data for fast-json-stable-stringify@https://registry.npmjs.org/fast-json-stable-stringify/-/fast-json-stable-stringify-2.1.0.tgz. Extracting by manifest.
342 silly tarball no local data for fast-deep-equal@https://registry.npmjs.org/fast-deep-equal/-/fast-deep-equal-3.1.3.tgz. Extracting by manifest.
343 silly tarball no local data for har-schema@https://registry.npmjs.org/har-schema/-/har-schema-2.0.0.tgz. Extracting by manifest.
344 silly tarball no local data for ajv@https://registry.npmjs.org/ajv/-/ajv-6.15.0.tgz. Extracting by manifest.
345 silly tarball no local data for asynckit@https://registry.npmjs.org/asynckit/-/asynckit-0.4.0.tgz. Extracting by manifest.
346 silly tarball no local data for delayed-stream@https://registry.npmjs.org/delayed-stream/-/delayed-stream-1.0.0.tgz. Extracting by manifest.
347 silly tarball no local data for uuid@https://registry.npmjs.org/uuid/-/uuid-3.4.0.tgz. Extracting by manifest.
348 silly tarball no local data for tunnel-agent@https://registry.npmjs.org/tunnel-agent/-/tunnel-agent-0.6.0.tgz. Extracting by manifest.
349 silly tarball no local data for tough-cookie@https://registry.npmjs.org/tough-cookie/-/tough-cookie-2.5.0.tgz. Extracting by manifest.
350 silly tarball no local data for safe-buffer@https://registry.npmjs.org/safe-buffer/-/safe-buffer-5.2.1.tgz. Extracting by manifest.
351 silly tarball no local data for performance-now@https://registry.npmjs.org/performance-now/-/performance-now-2.1.0.tgz. Extracting by manifest.
352 silly tarball no local data for qs@https://registry.npmjs.org/qs/-/qs-6.5.5.tgz. Extracting by manifest.
353 silly tarball no local data for oauth-sign@https://registry.npmjs.org/oauth-sign/-/oauth-sign-0.9.0.tgz. Extracting by manifest.
354 silly tarball no local data for json-stringify-safe@https://registry.npmjs.org/json-stringify-safe/-/json-stringify-safe-5.0.1.tgz. Extracting by manifest.
355 silly tarball no local data for mime-types@https://registry.npmjs.org/mime-types/-/mime-types-2.1.35.tgz. Extracting by manifest.
356 silly tarball no local data for isstream@https://registry.npmjs.org/isstream/-/isstream-0.1.2.tgz. Extracting by manifest.
357 silly tarball no local data for is-typedarray@https://registry.npmjs.org/is-typedarray/-/is-typedarray-1.0.0.tgz. Extracting by manifest.
358 silly tarball no local data for http-signature@https://registry.npmjs.org/http-signature/-/http-signature-1.2.0.tgz. Extracting by manifest.
359 silly tarball no local data for har-validator@https://registry.npmjs.org/har-validator/-/har-validator-5.1.5.tgz. Extracting by manifest.
360 silly tarball no local data for form-data@https://registry.npmjs.org/form-data/-/form-data-2.3.3.tgz. Extracting by manifest.
361 silly tarball no local data for forever-agent@https://registry.npmjs.org/forever-agent/-/forever-agent-0.6.1.tgz. Extracting by manifest.
362 silly tarball no local data for extend@https://registry.npmjs.org/extend/-/extend-3.0.2.tgz. Extracting by manifest.
363 silly tarball no local data for combined-stream@https://registry.npmjs.org/combined-stream/-/combined-stream-1.0.8.tgz. Extracting by manifest.
364 silly tarball no local data for caseless@https://registry.npmjs.org/caseless/-/caseless-0.12.0.tgz. Extracting by manifest.
365 silly tarball no local data for aws-sign2@https://registry.npmjs.org/aws-sign2/-/aws-sign2-0.7.0.tgz. Extracting by manifest.
366 silly tarball no local data for request@https://registry.npmjs.org/request/-/request-2.88.2.tgz. Extracting by manifest.
367 silly tarball no local data for aws4@https://registry.npmjs.org/aws4/-/aws4-1.13.2.tgz. Extracting by manifest.
368 http fetch GET 200 https://registry.npmjs.org/core-util-is/-/core-util-is-1.0.2.tgz 1936ms (cache miss)
369 http fetch GET 200 https://registry.npmjs.org/extsprintf/-/extsprintf-1.3.0.tgz 2257ms (cache miss)
370 http fetch GET 200 https://registry.npmjs.org/fast-json-stable-stringify/-/fast-json-stable-stringify-2.1.0.tgz 2334ms (cache miss)
371 http fetch GET 200 https://registry.npmjs.org/json-schema-traverse/-/json-schema-traverse-0.4.1.tgz 2335ms (cache miss)
372 http fetch GET 200 https://registry.npmjs.org/assert-plus/-/assert-plus-1.0.0.tgz 2349ms (cache miss)
373 http fetch GET 200 https://registry.npmjs.org/forever-agent/-/forever-agent-0.6.1.tgz 2377ms (cache miss)
374 http fetch GET 200 https://registry.npmjs.org/fast-deep-equal/-/fast-deep-equal-3.1.3.tgz 2431ms (cache miss)
375 http fetch GET 200 https://registry.npmjs.org/json-stringify-safe/-/json-stringify-safe-5.0.1.tgz 2391ms (cache miss)
376 http fetch GET 200 https://registry.npmjs.org/har-schema/-/har-schema-2.0.0.tgz 2440ms (cache miss)
377 http fetch GET 200 https://registry.npmjs.org/getpass/-/getpass-0.1.7.tgz 2463ms (cache miss)
378 http fetch GET 200 https://registry.npmjs.org/har-validator/-/har-validator-5.1.5.tgz 2409ms (cache miss)
379 warn deprecated har-validator@5.1.5: this library is no longer supported
380 http fetch GET 200 https://registry.npmjs.org/tunnel-agent/-/tunnel-agent-0.6.0.tgz 2463ms (cache miss)
381 http fetch GET 200 https://registry.npmjs.org/delayed-stream/-/delayed-stream-1.0.0.tgz 2466ms (cache miss)
382 http fetch GET 200 https://registry.npmjs.org/is-typedarray/-/is-typedarray-1.0.0.tgz 2443ms (cache miss)
383 http fetch GET 200 https://registry.npmjs.org/form-data/-/form-data-2.3.3.tgz 2448ms (cache miss)
384 http fetch GET 200 https://registry.npmjs.org/mime-types/-/mime-types-2.1.35.tgz 2453ms (cache miss)
385 http fetch GET 200 https://registry.npmjs.org/isstream/-/isstream-0.1.2.tgz 2494ms (cache miss)
386 http fetch GET 200 https://registry.npmjs.org/punycode/-/punycode-2.3.1.tgz 2629ms (cache miss)
387 http fetch GET 200 https://registry.npmjs.org/extend/-/extend-3.0.2.tgz 2558ms (cache miss)
388 http fetch GET 200 https://registry.npmjs.org/performance-now/-/performance-now-2.1.0.tgz 2583ms (cache miss)
389 http fetch GET 200 https://registry.npmjs.org/tweetnacl/-/tweetnacl-0.14.5.tgz 2643ms (cache miss)
390 http fetch GET 200 https://registry.npmjs.org/combined-stream/-/combined-stream-1.0.8.tgz 2547ms (cache miss)
391 http fetch GET 200 https://registry.npmjs.org/oauth-sign/-/oauth-sign-0.9.0.tgz 2588ms (cache miss)
392 http fetch GET 200 https://registry.npmjs.org/aws-sign2/-/aws-sign2-0.7.0.tgz 2569ms (cache miss)
393 http fetch GET 200 https://registry.npmjs.org/caseless/-/caseless-0.12.0.tgz 2583ms (cache miss)
394 http fetch GET 200 https://registry.npmjs.org/safer-buffer/-/safer-buffer-2.1.2.tgz 2684ms (cache miss)
395 http fetch GET 200 https://registry.npmjs.org/aws4/-/aws4-1.13.2.tgz 2662ms (cache miss)
396 http fetch GET 200 https://registry.npmjs.org/ecc-jsbn/-/ecc-jsbn-0.1.2.tgz 2753ms (cache miss)
397 http fetch GET 200 https://registry.npmjs.org/asn1/-/asn1-0.2.6.tgz 2752ms (cache miss)
398 http fetch GET 200 https://registry.npmjs.org/json-schema/-/json-schema-0.4.0.tgz 2755ms (cache miss)
399 http fetch GET 200 https://registry.npmjs.org/safe-buffer/-/safe-buffer-5.2.1.tgz 2713ms (cache miss)
400 http fetch GET 200 https://registry.npmjs.org/verror/-/verror-1.10.0.tgz 2758ms (cache miss)
401 http fetch GET 200 https://registry.npmjs.org/jsbn/-/jsbn-0.1.1.tgz 2770ms (cache miss)
402 http fetch GET 200 https://registry.npmjs.org/bcrypt-pbkdf/-/bcrypt-pbkdf-1.0.2.tgz 2769ms (cache miss)
403 http fetch GET 200 https://registry.npmjs.org/jsprim/-/jsprim-1.4.2.tgz 2769ms (cache miss)
404 http fetch GET 200 https://registry.npmjs.org/http-signature/-/http-signature-1.2.0.tgz 2724ms (cache miss)
405 http fetch GET 200 https://registry.npmjs.org/dashdash/-/dashdash-1.14.1.tgz 2795ms (cache miss)
406 http fetch GET 200 https://registry.npmjs.org/qs/-/qs-6.5.5.tgz 2732ms (cache miss)
407 http fetch GET 200 https://registry.npmjs.org/mime-db/-/mime-db-1.52.0.tgz 2795ms (cache miss)
408 http fetch GET 200 https://registry.npmjs.org/asynckit/-/asynckit-0.4.0.tgz 2785ms (cache miss)
409 http fetch GET 200 https://registry.npmjs.org/tough-cookie/-/tough-cookie-2.5.0.tgz 2797ms (cache miss)
410 http fetch GET 200 https://registry.npmjs.org/uuid/-/uuid-3.4.0.tgz 2836ms (cache miss)
411 warn deprecated uuid@3.4.0: uuid@10 and below is no longer supported.  For ESM codebases, update to uuid@latest.  For CommonJS codebases, use uuid@11 (but be aware this version will likely be deprecated in 2028).
412 http fetch GET 200 https://registry.npmjs.org/request/-/request-2.88.2.tgz 2813ms (cache miss)
413 warn deprecated request@2.88.2: request has been deprecated, see https://github.com/request/request/issues/3142
414 http fetch GET 200 https://registry.npmjs.org/sshpk/-/sshpk-1.18.0.tgz 2920ms (cache miss)
415 http fetch GET 200 https://registry.npmjs.org/psl/-/psl-1.15.0.tgz 2950ms (cache miss)
416 http fetch GET 200 https://registry.npmjs.org/uri-js/-/uri-js-4.4.1.tgz 2939ms (cache miss)
417 http fetch GET 200 https://registry.npmjs.org/ajv/-/ajv-6.15.0.tgz 2953ms (cache miss)
418 silly ADD node_modules/core-util-is
419 silly ADD node_modules/punycode
420 silly ADD node_modules/psl
421 silly ADD node_modules/tweetnacl
422 silly ADD node_modules/safer-buffer
423 silly ADD node_modules/jsbn
424 silly ADD node_modules/getpass
425 silly ADD node_modules/ecc-jsbn
426 silly ADD node_modules/dashdash
427 silly ADD node_modules/bcrypt-pbkdf
428 silly ADD node_modules/asn1
429 silly ADD node_modules/mime-db
430 silly ADD node_modules/verror
431 silly ADD node_modules/json-schema
432 silly ADD node_modules/extsprintf
433 silly ADD node_modules/sshpk
434 silly ADD node_modules/jsprim
435 silly ADD node_modules/assert-plus
436 silly ADD node_modules/uri-js
437 silly ADD node_modules/json-schema-traverse
438 silly ADD node_modules/fast-json-stable-stringify
439 silly ADD node_modules/fast-deep-equal
440 silly ADD node_modules/har-schema
441 silly ADD node_modules/ajv
442 silly ADD node_modules/asynckit
443 silly ADD node_modules/delayed-stream
444 silly ADD node_modules/uuid
445 silly ADD node_modules/tunnel-agent
446 silly ADD node_modules/tough-cookie
447 silly ADD node_modules/safe-buffer
448 silly ADD node_modules/qs
449 silly ADD node_modules/performance-now
450 silly ADD node_modules/oauth-sign
451 silly ADD node_modules/mime-types
452 silly ADD node_modules/json-stringify-safe
453 silly ADD node_modules/isstream
454 silly ADD node_modules/is-typedarray
455 silly ADD node_modules/http-signature
456 silly ADD node_modules/har-validator
457 silly ADD node_modules/form-data
458 silly ADD node_modules/forever-agent
459 silly ADD node_modules/extend
460 silly ADD node_modules/combined-stream
461 silly ADD node_modules/caseless
462 silly ADD node_modules/aws4
463 silly ADD node_modules/aws-sign2
464 silly ADD node_modules/request
465 verbose cwd /Users/samhez/Documents/ALU BSc Software Engineering/TRIMESTER 3/Frontend Web Development/alu-higher_level_programming/javascript-web_scraping
466 verbose os Darwin 21.6.0
467 verbose node v22.20.0
468 verbose npm  v10.9.3
469 notice
469 notice New [31mmajor[39m version of npm available! [31m10.9.3[39m -> [34m11.17.0[39m
469 notice Changelog: [34mhttps://github.com/npm/cli/releases/tag/v11.17.0[39m
469 notice To update run: [4mnpm install -g npm@11.17.0[24m
469 notice  { force: true, [Symbol(proc-log.meta)]: true }
470 verbose exit 0
471 info ok
